SF:lib/features/weather/weather_view_model.dart
DA:12,3
DA:18,1
DA:19,1
DA:20,1
DA:23,1
DA:24,1
DA:25,1
DA:28,4
DA:29,3
DA:30,2
DA:31,2
DA:33,1
DA:35,1
LF:13
LH:13
end_of_record
SF:lib/core/models/weather_response.dart
DA:11,1
DA:17,0
DA:18,0
DA:19,0
DA:32,1
DA:40,0
DA:41,0
DA:51,1
DA:58,0
DA:59,0
DA:60,0
LF:11
LH:3
end_of_record
SF:lib/core/models/weather_response.g.dart
DA:9,0
DA:10,0
DA:11,0
DA:12,0
DA:13,0
DA:14,0
DA:15,0
DA:18,0
DA:19,0
DA:20,0
DA:21,0
DA:22,0
DA:25,0
DA:26,0
DA:27,0
DA:28,0
DA:29,0
DA:30,0
DA:33,0
DA:34,0
DA:35,0
DA:36,0
DA:37,0
DA:38,0
DA:41,0
DA:42,0
DA:43,0
DA:44,0
DA:45,0
DA:48,0
DA:49,0
DA:50,0
DA:51,0
DA:52,0
LF:34
LH:0
end_of_record
SF:lib/core/locator.dart
DA:7,3
DA:9,0
DA:11,0
DA:14,0
DA:15,0
DA:18,0
LF:6
LH:1
end_of_record
SF:lib/core/services/weather_service.dart
DA:11,0
DA:13,0
DA:18,0
DA:20,0
DA:22,0
DA:23,0
DA:25,0
DA:28,0
LF:8
LH:0
end_of_record
SF:lib/core/constants.dart
DA:2,0
LF:1
LH:0
end_of_record
